<?xml version="1.0" encoding="UTF-8"?>
<coverage generated="1659508577603" clover="3.2.0">
  <project timestamp="1659508577603" name="All files">
    <metrics statements="57" coveredstatements="56" conditionals="18" coveredconditionals="17" methods="18" coveredmethods="18" elements="93" coveredelements="91" complexity="0" loc="57" ncloc="57" packages="1" files="1" classes="1"/>
    <file name="CartParser.js" path="/home/user/Desktop/Programming/Binary Studio Academy/Testing/BSA2021-Testing/src/CartParser.js">
      <metrics statements="57" coveredstatements="56" conditionals="18" coveredconditionals="17" methods="18" coveredmethods="18"/>
      <line num="6" count="12" type="stmt"/>
      <line num="11" count="12" type="stmt"/>
      <line num="17" count="12" type="stmt"/>
      <line num="46" count="4" type="stmt"/>
      <line num="47" count="2" type="stmt"/>
      <line num="49" count="2" type="cond" truecount="2" falsecount="0"/>
      <line num="50" count="1" type="stmt"/>
      <line num="51" count="1" type="stmt"/>
      <line num="54" count="1" type="stmt"/>
      <line num="56" count="7" type="stmt"/>
      <line num="57" count="6" type="stmt"/>
      <line num="58" count="5" type="stmt"/>
      <line num="59" count="1" type="stmt"/>
      <line num="61" count="1" type="stmt"/>
      <line num="75" count="7" type="stmt"/>
      <line num="88" count="6" type="stmt"/>
      <line num="89" count="58" type="stmt"/>
      <line num="90" count="6" type="stmt"/>
      <line num="91" count="54" type="stmt"/>
      <line num="93" count="11" type="stmt"/>
      <line num="95" count="5" type="stmt"/>
      <line num="96" count="15" type="stmt"/>
      <line num="97" count="15" type="cond" truecount="2" falsecount="0"/>
      <line num="98" count="7" type="stmt"/>
      <line num="109" count="5" type="stmt"/>
      <line num="110" count="98" type="stmt"/>
      <line num="112" count="49" type="cond" truecount="2" falsecount="0"/>
      <line num="113" count="35" type="stmt"/>
      <line num="121" count="35" type="stmt"/>
      <line num="124" count="14" type="stmt"/>
      <line num="125" count="42" type="stmt"/>
      <line num="126" count="42" type="stmt"/>
      <line num="128" count="42" type="cond" truecount="2" falsecount="1"/>
      <line num="130" count="14" type="cond" truecount="2" falsecount="0"/>
      <line num="131" count="1" type="stmt"/>
      <line num="140" count="14" type="stmt"/>
      <line num="143" count="28" type="stmt"/>
      <line num="144" count="28" type="cond" truecount="2" falsecount="0"/>
      <line num="149" count="1" type="stmt"/>
      <line num="158" count="28" type="stmt"/>
      <line num="161" count="0" type="stmt"/>
      <line num="166" count="5" type="stmt"/>
      <line num="178" count="6" type="stmt"/>
      <line num="179" count="18" type="stmt"/>
      <line num="180" count="18" type="stmt"/>
      <line num="181" count="18" type="stmt"/>
      <line num="182" count="6" type="stmt"/>
      <line num="184" count="6" type="stmt"/>
      <line num="185" count="18" type="stmt"/>
      <line num="186" count="18" type="stmt"/>
      <line num="187" count="18" type="stmt"/>
      <line num="189" count="18" type="cond" truecount="2" falsecount="0"/>
      <line num="191" count="18" type="stmt"/>
      <line num="194" count="6" type="stmt"/>
      <line num="196" count="6" type="stmt"/>
      <line num="207" count="10" type="stmt"/>
      <line num="219" count="44" type="stmt"/>
    </file>
  </project>
</coverage>
