{"/home/user/Desktop/Programming/Binary Studio Academy/Testing/BSA2021-Testing/src/CartParser.js": {"path":"/home/user/Desktop/Programming/Binary Studio Academy/Testing/BSA2021-Testing/src/CartParser.js","statementMap":{"0":{"start":{"line":6,"column":4},"end":{"line":9,"column":6}},"1":{"start":{"line":11,"column":4},"end":{"line":15,"column":6}},"2":{"start":{"line":17,"column":4},"end":{"line":35,"column":6}},"3":{"start":{"line":46,"column":21},"end":{"line":46,"column":40}},"4":{"start":{"line":47,"column":25},"end":{"line":47,"column":48}},"5":{"start":{"line":49,"column":4},"end":{"line":52,"column":5}},"6":{"start":{"line":50,"column":6},"end":{"line":50,"column":38}},"7":{"start":{"line":51,"column":6},"end":{"line":51,"column":40}},"8":{"start":{"line":54,"column":18},"end":{"line":57,"column":32}},"9":{"start":{"line":56,"column":23},"end":{"line":56,"column":24}},"10":{"start":{"line":57,"column":26},"end":{"line":57,"column":31}},"11":{"start":{"line":58,"column":14},"end":{"line":58,"column":49}},"12":{"start":{"line":58,"column":31},"end":{"line":58,"column":48}},"13":{"start":{"line":59,"column":14},"end":{"line":59,"column":35}},"14":{"start":{"line":61,"column":4},"end":{"line":64,"column":6}},"15":{"start":{"line":75,"column":4},"end":{"line":75,"column":44}},"16":{"start":{"line":88,"column":19},"end":{"line":88,"column":21}},"17":{"start":{"line":89,"column":14},"end":{"line":89,"column":51}},"18":{"start":{"line":89,"column":49},"end":{"line":89,"column":50}},"19":{"start":{"line":90,"column":20},"end":{"line":90,"column":28}},"20":{"start":{"line":91,"column":18},"end":{"line":91,"column":47}},"21":{"start":{"line":91,"column":41},"end":{"line":91,"column":46}},"22":{"start":{"line":93,"column":20},"end":{"line":93,"column":63}},"23":{"start":{"line":93,"column":54},"end":{"line":93,"column":62}},"24":{"start":{"line":95,"column":4},"end":{"line":107,"column":5}},"25":{"start":{"line":95,"column":17},"end":{"line":95,"column":18}},"26":{"start":{"line":96,"column":27},"end":{"line":96,"column":54}},"27":{"start":{"line":97,"column":6},"end":{"line":106,"column":7}},"28":{"start":{"line":98,"column":8},"end":{"line":105,"column":10}},"29":{"start":{"line":109,"column":4},"end":{"line":164,"column":5}},"30":{"start":{"line":109,"column":17},"end":{"line":109,"column":18}},"31":{"start":{"line":110,"column":20},"end":{"line":110,"column":64}},"32":{"start":{"line":110,"column":55},"end":{"line":110,"column":63}},"33":{"start":{"line":112,"column":6},"end":{"line":122,"column":7}},"34":{"start":{"line":113,"column":8},"end":{"line":120,"column":10}},"35":{"start":{"line":121,"column":8},"end":{"line":121,"column":17}},"36":{"start":{"line":124,"column":6},"end":{"line":163,"column":7}},"37":{"start":{"line":124,"column":19},"end":{"line":124,"column":20}},"38":{"start":{"line":125,"column":21},"end":{"line":125,"column":29}},"39":{"start":{"line":126,"column":23},"end":{"line":126,"column":50}},"40":{"start":{"line":128,"column":8},"end":{"line":162,"column":9}},"41":{"start":{"line":130,"column":12},"end":{"line":139,"column":13}},"42":{"start":{"line":131,"column":14},"end":{"line":138,"column":16}},"43":{"start":{"line":140,"column":12},"end":{"line":140,"column":18}},"44":{"start":{"line":143,"column":33},"end":{"line":143,"column":45}},"45":{"start":{"line":144,"column":12},"end":{"line":157,"column":13}},"46":{"start":{"line":149,"column":14},"end":{"line":156,"column":16}},"47":{"start":{"line":158,"column":12},"end":{"line":158,"column":18}},"48":{"start":{"line":161,"column":12},"end":{"line":161,"column":18}},"49":{"start":{"line":166,"column":4},"end":{"line":166,"column":18}},"50":{"start":{"line":178,"column":20},"end":{"line":178,"column":39}},"51":{"start":{"line":179,"column":14},"end":{"line":179,"column":50}},"52":{"start":{"line":179,"column":38},"end":{"line":179,"column":49}},"53":{"start":{"line":180,"column":13},"end":{"line":180,"column":48}},"54":{"start":{"line":180,"column":37},"end":{"line":180,"column":47}},"55":{"start":{"line":181,"column":15},"end":{"line":181,"column":60}},"56":{"start":{"line":181,"column":48},"end":{"line":181,"column":59}},"57":{"start":{"line":182,"column":13},"end":{"line":182,"column":15}},"58":{"start":{"line":184,"column":4},"end":{"line":192,"column":5}},"59":{"start":{"line":184,"column":17},"end":{"line":184,"column":18}},"60":{"start":{"line":185,"column":19},"end":{"line":185,"column":27}},"61":{"start":{"line":186,"column":14},"end":{"line":186,"column":21}},"62":{"start":{"line":187,"column":16},"end":{"line":187,"column":25}},"63":{"start":{"line":189,"column":10},"end":{"line":189,"column":74}},"64":{"start":{"line":191,"column":6},"end":{"line":191,"column":29}},"65":{"start":{"line":194,"column":4},"end":{"line":194,"column":24}},"66":{"start":{"line":196,"column":4},"end":{"line":196,"column":16}},"67":{"start":{"line":207,"column":4},"end":{"line":207,"column":77}},"68":{"start":{"line":207,"column":42},"end":{"line":207,"column":72}},"69":{"start":{"line":219,"column":4},"end":{"line":224,"column":6}}},"fnMap":{"0":{"name":"(anonymous_0)","decl":{"start":{"line":5,"column":2},"end":{"line":5,"column":3}},"loc":{"start":{"line":5,"column":16},"end":{"line":36,"column":3}},"line":5},"1":{"name":"(anonymous_1)","decl":{"start":{"line":45,"column":2},"end":{"line":45,"column":3}},"loc":{"start":{"line":45,"column":14},"end":{"line":65,"column":3}},"line":45},"2":{"name":"(anonymous_2)","decl":{"start":{"line":56,"column":16},"end":{"line":56,"column":17}},"loc":{"start":{"line":56,"column":23},"end":{"line":56,"column":24}},"line":56},"3":{"name":"(anonymous_3)","decl":{"start":{"line":57,"column":16},"end":{"line":57,"column":17}},"loc":{"start":{"line":57,"column":26},"end":{"line":57,"column":31}},"line":57},"4":{"name":"(anonymous_4)","decl":{"start":{"line":58,"column":24},"end":{"line":58,"column":25}},"loc":{"start":{"line":58,"column":31},"end":{"line":58,"column":48}},"line":58},"5":{"name":"(anonymous_5)","decl":{"start":{"line":74,"column":2},"end":{"line":74,"column":3}},"loc":{"start":{"line":74,"column":17},"end":{"line":76,"column":3}},"line":74},"6":{"name":"(anonymous_6)","decl":{"start":{"line":87,"column":2},"end":{"line":87,"column":3}},"loc":{"start":{"line":87,"column":21},"end":{"line":167,"column":3}},"line":87},"7":{"name":"(anonymous_7)","decl":{"start":{"line":89,"column":42},"end":{"line":89,"column":43}},"loc":{"start":{"line":89,"column":49},"end":{"line":89,"column":50}},"line":89},"8":{"name":"(anonymous_8)","decl":{"start":{"line":91,"column":31},"end":{"line":91,"column":32}},"loc":{"start":{"line":91,"column":41},"end":{"line":91,"column":46}},"line":91},"9":{"name":"(anonymous_9)","decl":{"start":{"line":93,"column":47},"end":{"line":93,"column":48}},"loc":{"start":{"line":93,"column":54},"end":{"line":93,"column":62}},"line":93},"10":{"name":"(anonymous_10)","decl":{"start":{"line":110,"column":48},"end":{"line":110,"column":49}},"loc":{"start":{"line":110,"column":55},"end":{"line":110,"column":63}},"line":110},"11":{"name":"(anonymous_11)","decl":{"start":{"line":177,"column":2},"end":{"line":177,"column":3}},"loc":{"start":{"line":177,"column":21},"end":{"line":197,"column":3}},"line":177},"12":{"name":"(anonymous_12)","decl":{"start":{"line":179,"column":26},"end":{"line":179,"column":27}},"loc":{"start":{"line":179,"column":38},"end":{"line":179,"column":49}},"line":179},"13":{"name":"(anonymous_13)","decl":{"start":{"line":180,"column":25},"end":{"line":180,"column":26}},"loc":{"start":{"line":180,"column":37},"end":{"line":180,"column":47}},"line":180},"14":{"name":"(anonymous_14)","decl":{"start":{"line":181,"column":38},"end":{"line":181,"column":39}},"loc":{"start":{"line":181,"column":48},"end":{"line":181,"column":59}},"line":181},"15":{"name":"(anonymous_15)","decl":{"start":{"line":206,"column":2},"end":{"line":206,"column":3}},"loc":{"start":{"line":206,"column":23},"end":{"line":208,"column":3}},"line":206},"16":{"name":"(anonymous_16)","decl":{"start":{"line":207,"column":28},"end":{"line":207,"column":29}},"loc":{"start":{"line":207,"column":42},"end":{"line":207,"column":72}},"line":207},"17":{"name":"(anonymous_17)","decl":{"start":{"line":218,"column":2},"end":{"line":218,"column":3}},"loc":{"start":{"line":218,"column":42},"end":{"line":225,"column":3}},"line":218}},"branchMap":{"0":{"loc":{"start":{"line":49,"column":4},"end":{"line":52,"column":5}},"type":"if","locations":[{"start":{"line":49,"column":4},"end":{"line":52,"column":5}},{"start":{"line":49,"column":4},"end":{"line":52,"column":5}}],"line":49},"1":{"loc":{"start":{"line":97,"column":6},"end":{"line":106,"column":7}},"type":"if","locations":[{"start":{"line":97,"column":6},"end":{"line":106,"column":7}},{"start":{"line":97,"column":6},"end":{"line":106,"column":7}}],"line":97},"2":{"loc":{"start":{"line":112,"column":6},"end":{"line":122,"column":7}},"type":"if","locations":[{"start":{"line":112,"column":6},"end":{"line":122,"column":7}},{"start":{"line":112,"column":6},"end":{"line":122,"column":7}}],"line":112},"3":{"loc":{"start":{"line":128,"column":8},"end":{"line":162,"column":9}},"type":"switch","locations":[{"start":{"line":129,"column":10},"end":{"line":141,"column":11}},{"start":{"line":142,"column":10},"end":{"line":159,"column":11}},{"start":{"line":160,"column":10},"end":{"line":161,"column":18}}],"line":128},"4":{"loc":{"start":{"line":130,"column":12},"end":{"line":139,"column":13}},"type":"if","locations":[{"start":{"line":130,"column":12},"end":{"line":139,"column":13}},{"start":{"line":130,"column":12},"end":{"line":139,"column":13}}],"line":130},"5":{"loc":{"start":{"line":144,"column":12},"end":{"line":157,"column":13}},"type":"if","locations":[{"start":{"line":144,"column":12},"end":{"line":157,"column":13}},{"start":{"line":144,"column":12},"end":{"line":157,"column":13}}],"line":144},"6":{"loc":{"start":{"line":145,"column":14},"end":{"line":147,"column":30}},"type":"binary-expr","locations":[{"start":{"line":145,"column":14},"end":{"line":145,"column":45}},{"start":{"line":146,"column":14},"end":{"line":146,"column":40}},{"start":{"line":147,"column":14},"end":{"line":147,"column":30}}],"line":145},"7":{"loc":{"start":{"line":189,"column":10},"end":{"line":189,"column":74}},"type":"cond-expr","locations":[{"start":{"line":189,"column":53},"end":{"line":189,"column":66}},{"start":{"line":189,"column":69},"end":{"line":189,"column":74}}],"line":189}},"s":{"0":12,"1":12,"2":12,"3":4,"4":2,"5":2,"6":1,"7":1,"8":1,"9":7,"10":6,"11":1,"12":5,"13":1,"14":1,"15":7,"16":6,"17":6,"18":58,"19":6,"20":6,"21":54,"22":6,"23":11,"24":5,"25":5,"26":15,"27":15,"28":7,"29":5,"30":5,"31":49,"32":98,"33":49,"34":35,"35":35,"36":14,"37":14,"38":42,"39":42,"40":42,"41":14,"42":1,"43":14,"44":28,"45":28,"46":1,"47":28,"48":0,"49":5,"50":6,"51":6,"52":18,"53":6,"54":18,"55":6,"56":18,"57":6,"58":6,"59":6,"60":18,"61":18,"62":18,"63":18,"64":18,"65":6,"66":6,"67":3,"68":10,"69":44},"f":{"0":12,"1":4,"2":7,"3":6,"4":5,"5":7,"6":6,"7":58,"8":54,"9":11,"10":98,"11":6,"12":18,"13":18,"14":18,"15":3,"16":10,"17":44},"b":{"0":[1,1],"1":[7,8],"2":[35,14],"3":[14,28,0],"4":[1,13],"5":[1,27],"6":[28,28,27],"7":[12,6]},"_coverageSchema":"1a1c01bbd47fc00a2c39e90264f33305004495a9","hash":"ec7b70858ff02d67a29114d4d91083469a5386e7"}
}
