TN:
SF:src/CartParser.js
FN:5,(anonymous_0)
FN:45,(anonymous_1)
FN:56,(anonymous_2)
FN:57,(anonymous_3)
FN:58,(anonymous_4)
FN:74,(anonymous_5)
FN:87,(anonymous_6)
FN:89,(anonymous_7)
FN:91,(anonymous_8)
FN:93,(anonymous_9)
FN:110,(anonymous_10)
FN:177,(anonymous_11)
FN:179,(anonymous_12)
FN:180,(anonymous_13)
FN:181,(anonymous_14)
FN:206,(anonymous_15)
FN:207,(anonymous_16)
FN:218,(anonymous_17)
FNF:18
FNH:18
FNDA:12,(anonymous_0)
FNDA:4,(anonymous_1)
FNDA:7,(anonymous_2)
FNDA:6,(anonymous_3)
FNDA:5,(anonymous_4)
FNDA:7,(anonymous_5)
FNDA:6,(anonymous_6)
FNDA:58,(anonymous_7)
FNDA:54,(anonymous_8)
FNDA:11,(anonymous_9)
FNDA:98,(anonymous_10)
FNDA:6,(anonymous_11)
FNDA:18,(anonymous_12)
FNDA:18,(anonymous_13)
FNDA:18,(anonymous_14)
FNDA:3,(anonymous_15)
FNDA:10,(anonymous_16)
FNDA:44,(anonymous_17)
DA:6,12
DA:11,12
DA:17,12
DA:46,4
DA:47,2
DA:49,2
DA:50,1
DA:51,1
DA:54,1
DA:56,7
DA:57,6
DA:58,5
DA:59,1
DA:61,1
DA:75,7
DA:88,6
DA:89,58
DA:90,6
DA:91,54
DA:93,11
DA:95,5
DA:96,15
DA:97,15
DA:98,7
DA:109,5
DA:110,98
DA:112,49
DA:113,35
DA:121,35
DA:124,14
DA:125,42
DA:126,42
DA:128,42
DA:130,14
DA:131,1
DA:140,14
DA:143,28
DA:144,28
DA:149,1
DA:158,28
DA:161,0
DA:166,5
DA:178,6
DA:179,18
DA:180,18
DA:181,18
DA:182,6
DA:184,6
DA:185,18
DA:186,18
DA:187,18
DA:189,18
DA:191,18
DA:194,6
DA:196,6
DA:207,10
DA:219,44
LF:57
LH:56
BRDA:49,0,0,1
BRDA:49,0,1,1
BRDA:97,1,0,7
BRDA:97,1,1,8
BRDA:112,2,0,35
BRDA:112,2,1,14
BRDA:128,3,0,14
BRDA:128,3,1,28
BRDA:128,3,2,0
BRDA:130,4,0,1
BRDA:130,4,1,13
BRDA:144,5,0,1
BRDA:144,5,1,27
BRDA:145,6,0,28
BRDA:145,6,1,28
BRDA:145,6,2,27
BRDA:189,7,0,12
BRDA:189,7,1,6
BRF:18
BRH:17
end_of_record
